<?xml version="1.0" encoding="UTF-8"?>
<testng-results skipped="0" failed="0" ignored="0" total="1" passed="1">
  <reporter-output>
  </reporter-output>
  <suite name="Default suite" duration-ms="49" started-at="2019-10-07T16:55:17Z" finished-at="2019-10-07T16:55:17Z">
    <groups>
    </groups>
    <test name="Default test" duration-ms="49" started-at="2019-10-07T16:55:17Z" finished-at="2019-10-07T16:55:17Z">
      <class name="base.Condition">
        <test-method status="PASS" signature="test()[pri:0, instance:base.Condition@573f2bb1]" name="test" duration-ms="10" started-at="2019-10-07T16:55:17Z" finished-at="2019-10-07T16:55:17Z">
          <reporter-output>
          </reporter-output>
        </test-method> <!-- test -->
      </class> <!-- base.Condition -->
    </test> <!-- Default test -->
  </suite> <!-- Default suite -->
</testng-results>
